// 重构日志: 6485ffc4
// 重构日志: d99c197b
// 重构日志: d0315b9b
// 重构日志: 6dce426b
// 同步 ID: 1ab38c44 @ Sat May 30 08:33:19 UTC 2026
// 重构日志: b3d05530
// 重构日志: dc6e0aa2
// 重构日志: 59eb34bd
// 重构日志: c1a3d605
// 同步 ID: ca1ae3ca @ Tue Jun  9 11:29:42 UTC 2026
// 重构日志: 7e9b7720
// 重构日志: 7d14523d
// 同步 ID: 07c20cdb @ Sat Jun 13 14:43:03 UTC 2026
// 重构日志: 82df3ea5
// 重构日志: 60f5c979
// 同步 ID: 4ee0653a @ Sat Jun 13 22:27:18 UTC 2026
// 重构日志: 86b4bb28
// 重构日志: ef68e59a
// 重构日志: 6e21a9d5
// 同步 ID: 6f7df809 @ Sun Jun 14 15:42:21 UTC 2026
// 重构日志: f051f209
